<?xml version="1.0" encoding="UTF-8"?>
<!-- Generated by org.testng.reporters.JUnitXMLReporter -->
<testsuite hostname="WIN-LUKIJFNUNPB" name="TestDemoFeature1" tests="2" failures="0" timestamp="31 Aug 2016 18:30:55 GMT" time="12.711" errors="0">
  <testcase name="@BeforeClass testMethodStartUpBeforeClass" time="0.0" classname="axion.dab.test.com.testNewDefaultSaftey">
    <failure type="java.lang.NullPointerException">
      <![CDATA[java.lang.NullPointerException
	at atu.testng.reports.ATUReports.takeScreenShot(Unknown Source)
	at atu.testng.reports.ATUReports.add(Unknown Source)
	at axion.dab.test.com.testNewDefaultSaftey.testMethodStartUpBeforeClass(testNewDefaultSaftey.java:90)
... Removed 24 stack frames]]>
    </failure>
  </testcase> <!-- @BeforeClass testMethodStartUpBeforeClass -->
  <testcase name="@AfterClass testMethodCleanUpAfterClass" time="0.0" classname="axion.dab.test.com.testNewDefaultSaftey">
    <skipped/>
  </testcase> <!-- @AfterClass testMethodCleanUpAfterClass -->
  <testcase name="testSimO2NewDefaultSaftey" time="0.0" classname="axion.dab.test.com.testNewDefaultSaftey">
    <skipped/>
  </testcase> <!-- testSimO2NewDefaultSaftey -->
  <testcase name="testSimO2NewDefaultSafteyHTTPHeader" time="0.063" classname="axion.dab.test.com.testNewDefaultSaftey">
    <skipped/>
  </testcase> <!-- testSimO2NewDefaultSafteyHTTPHeader -->
</testsuite> <!-- TestDemoFeature1 -->
